#
# There is insufficient memory for the Java Runtime Environment to continue.
# Native memory allocation (mmap) failed to map 266338304 bytes for Failed to commit area from 0x0000000703200000 to 0x0000000713000000 of length 266338304.
# Possible reasons:
#   The system is out of physical RAM or swap space
#   The process is running with CompressedOops enabled, and the Java Heap may be blocking the growth of the native heap
# Possible solutions:
#   Reduce memory load on the system
#   Increase physical memory or swap space
#   Check if swap backing store is full
#   Decrease Java heap size (-Xmx/-Xms)
#   Decrease number of Java threads
#   Decrease Java thread stack sizes (-Xss)
#   Set larger code cache with -XX:ReservedCodeCacheSize=
# This output file may be truncated or incomplete.
#
#  Out of Memory Error (./src/hotspot/os/windows/os_windows.cpp:3301), pid=21268, tid=19388
#
# JRE version:  (11.0.11+9) (build )
# Java VM: OpenJDK 64-Bit Server VM (11.0.11+9-b60-7590822, mixed mode, sharing, tiered, compressed oops, g1 gc, windows-amd64)
# No core dump will be written. Minidumps are not enabled by default on client versions of Windows
#

---------------  S U M M A R Y ------------

Command Line: 

Host: Intel(R) Core(TM) i7-10510U CPU @ 1.80GHz, 8 cores, 15G,  Windows 10 , 64 bit Build 19041 (10.0.19041.3031)
Time: Wed Jul  5 17:58:50 2023 RTZ 2 (зима) elapsed time: 0.075844 seconds (0d 0h 0m 0s)

---------------  T H R E A D  ---------------

Current thread (0x000001e5d432d000):  JavaThread "Unknown thread" [_thread_in_vm, id=19388, stack(0x000000d4abf00000,0x000000d4ac000000)]

Stack: [0x000000d4abf00000,0x000000d4ac000000]
Native frames: (J=compiled Java code, j=interpreted, Vv=VM code, C=native code)
V  [jvm.dll+0x5f214a]
V  [jvm.dll+0x726fb5]
V  [jvm.dll+0x7285cd]
V  [jvm.dll+0x728c83]
V  [jvm.dll+0x243278]
V  [jvm.dll+0x5ef544]
V  [jvm.dll+0x5e4495]
V  [jvm.dll+0x2fec5b]
V  [jvm.dll+0x2febca]
V  [jvm.dll+0x2feaa2]
V  [jvm.dll+0x303986]
V  [jvm.dll+0x34c3a3]
V  [jvm.dll+0x34caa6]
V  [jvm.dll+0x34c4a3]
V  [jvm.dll+0x2d9688]
V  [jvm.dll+0x2da837]
V  [jvm.dll+0x705ba7]
V  [jvm.dll+0x70739c]
V  [jvm.dll+0x3598f9]
V  [jvm.dll+0x6e931e]
V  [jvm.dll+0x3c1c43]
V  [jvm.dll+0x3c3e81]
C  [jli.dll+0x5373]
C  [ucrtbase.dll+0x21bb2]
C  [KERNEL32.DLL+0x17614]
C  [ntdll.dll+0x526f1]


---------------  P R O C E S S  ---------------

Threads class SMR info:
_java_thread_list=0x000001e5d424aaf0, length=0, elements={
}

Java Threads: ( => current thread )

Other Threads:
  0x000001e5d6303000 GCTaskThread "GC Thread#0" [stack: 0x000000d4ac000000,0x000000d4ac100000] [id=15448]
  0x000001e5d6362000 ConcurrentGCThread "G1 Main Marker" [stack: 0x000000d4ac100000,0x000000d4ac200000] [id=27332]
  0x000001e5d6365000 ConcurrentGCThread "G1 Conc#0" [stack: 0x000000d4ac200000,0x000000d4ac300000] [id=30876]

[error occurred during error reporting (printing all threads), id 0xc0000005, EXCEPTION_ACCESS_VIOLATION (0xc0000005) at pc=0x00007ffff8b49c47]

VM state:not at safepoint (not fully initialized)

VM Mutex/Monitor currently owned by a thread:  ([mutex/lock_event])
[0x000001e5d62ecdf0] Heap_lock - owner thread: 0x000001e5d432d000

Heap address: 0x0000000703200000, size: 4046 MB, Compressed Oops mode: Non-zero based: 0x0000000703200000
Narrow klass base: 0x0000000000000000, Narrow klass shift: 0

GC Heap History (0 events):
No events

Deoptimization events (0 events):
No events

Classes redefined (0 events):
No events

Internal exceptions (0 events):
No events

Events (1 events):
Event: 0.020 Loaded shared library C:\Program Files\Android\Android Studio\jre\bin\zip.dll


Dynamic libraries:
0x00007ff63e220000 - 0x00007ff63e22a000 	C:\Program Files\Android\Android Studio\jre\bin\java.EXE
0x00007ff87c0b0000 - 0x00007ff87c2a8000 	C:\WINDOWS\SYSTEM32\ntdll.dll
0x00007ff87b7c0000 - 0x00007ff87b87f000 	C:\WINDOWS\System32\KERNEL32.DLL
0x00007ff8798e0000 - 0x00007ff879bd6000 	C:\WINDOWS\System32\KERNELBASE.dll
0x00007ff87a010000 - 0x00007ff87a110000 	C:\WINDOWS\System32\ucrtbase.dll
0x00007ff86d190000 - 0x00007ff86d1a9000 	C:\Program Files\Android\Android Studio\jre\bin\jli.dll
0x00007ff861250000 - 0x00007ff861267000 	C:\Program Files\Android\Android Studio\jre\bin\VCRUNTIME140.dll
0x00007ff87baa0000 - 0x00007ff87bc3d000 	C:\WINDOWS\System32\USER32.dll
0x00007ff879e30000 - 0x00007ff879e52000 	C:\WINDOWS\System32\win32u.dll
0x00007ff87bcd0000 - 0x00007ff87bcfc000 	C:\WINDOWS\System32\GDI32.dll
0x00007ff864c50000 - 0x00007ff864eea000 	C:\WINDOWS\WinSxS\amd64_microsoft.windows.common-controls_6595b64144ccf1df_6.0.19041.1110_none_60b5254171f9507e\COMCTL32.dll
0x00007ff879be0000 - 0x00007ff879cf5000 	C:\WINDOWS\System32\gdi32full.dll
0x00007ff87ad10000 - 0x00007ff87adae000 	C:\WINDOWS\System32\msvcrt.dll
0x00007ff879d00000 - 0x00007ff879d9d000 	C:\WINDOWS\System32\msvcp_win.dll
0x00007ff87b6e0000 - 0x00007ff87b710000 	C:\WINDOWS\System32\IMM32.DLL
0x00007ff835230000 - 0x00007ff8352cd000 	C:\Program Files\Android\Android Studio\jre\bin\msvcp140.dll
0x00007ffff8860000 - 0x00007ffff9335000 	C:\Program Files\Android\Android Studio\jre\bin\server\jvm.dll
0x00007ff87a9a0000 - 0x00007ff87aa4f000 	C:\WINDOWS\System32\ADVAPI32.dll
0x00007ff87b2e0000 - 0x00007ff87b37c000 	C:\WINDOWS\System32\sechost.dll
0x00007ff87b880000 - 0x00007ff87b9a6000 	C:\WINDOWS\System32\RPCRT4.dll
0x00007ff87bd00000 - 0x00007ff87bd08000 	C:\WINDOWS\System32\PSAPI.DLL
0x00007ff860210000 - 0x00007ff860237000 	C:\WINDOWS\SYSTEM32\WINMM.dll
0x00007ff86f110000 - 0x00007ff86f11a000 	C:\WINDOWS\SYSTEM32\VERSION.dll
0x00007ff858520000 - 0x00007ff858529000 	C:\WINDOWS\SYSTEM32\WSOCK32.dll
0x00007ff87c000000 - 0x00007ff87c06b000 	C:\WINDOWS\System32\WS2_32.dll
0x00007ff877fd0000 - 0x00007ff877fe2000 	C:\WINDOWS\SYSTEM32\kernel.appcore.dll
0x00007ff85c5a0000 - 0x00007ff85c5b1000 	C:\Program Files\Android\Android Studio\jre\bin\verify.dll
0x00007ff8773c0000 - 0x00007ff8775a4000 	C:\WINDOWS\SYSTEM32\DBGHELP.DLL
0x00007ff861990000 - 0x00007ff8619c4000 	C:\WINDOWS\SYSTEM32\dbgcore.DLL
0x00007ff879da0000 - 0x00007ff879e22000 	C:\WINDOWS\System32\bcryptPrimitives.dll
0x00007ff8512f0000 - 0x00007ff851319000 	C:\Program Files\Android\Android Studio\jre\bin\java.dll
0x00007ff872100000 - 0x00007ff87210b000 	C:\Program Files\Android\Android Studio\jre\bin\jimage.dll
0x00007ff85c3a0000 - 0x00007ff85c3b8000 	C:\Program Files\Android\Android Studio\jre\bin\zip.dll

dbghelp: loaded successfully - version: 4.0.5 - missing functions: none
symbol engine: initialized successfully - sym options: 0x614 - pdb path: .;C:\Program Files\Android\Android Studio\jre\bin;C:\WINDOWS\SYSTEM32;C:\WINDOWS\WinSxS\amd64_microsoft.windows.common-controls_6595b64144ccf1df_6.0.19041.1110_none_60b5254171f9507e;C:\Program Files\Android\Android Studio\jre\bin\server

VM Arguments:
java_command: <unknown>
java_class_path (initial): <not set>
Launcher Type: SUN_STANDARD

[Global flags]
     intx CICompilerCount                          = 4                                         {product} {ergonomic}
     uint ConcGCThreads                            = 2                                         {product} {ergonomic}
     uint G1ConcRefinementThreads                  = 8                                         {product} {ergonomic}
   size_t G1HeapRegionSize                         = 1048576                                   {product} {ergonomic}
    uintx GCDrainStackTargetSize                   = 64                                        {product} {ergonomic}
   size_t InitialHeapSize                          = 266338304                                 {product} {ergonomic}
   size_t MarkStackSize                            = 4194304                                   {product} {ergonomic}
   size_t MaxHeapSize                              = 4242538496                                {product} {ergonomic}
   size_t MinHeapDeltaBytes                        = 1048576                                   {product} {ergonomic}
    uintx NonNMethodCodeHeapSize                   = 5836300                                {pd product} {ergonomic}
    uintx NonProfiledCodeHeapSize                  = 122910970                              {pd product} {ergonomic}
    uintx ProfiledCodeHeapSize                     = 122910970                              {pd product} {ergonomic}
    uintx ReservedCodeCacheSize                    = 251658240                              {pd product} {ergonomic}
     bool SegmentedCodeCache                       = true                                      {product} {ergonomic}
     bool UseCompressedClassPointers               = true                                 {lp64_product} {ergonomic}
     bool UseCompressedOops                        = true                                 {lp64_product} {ergonomic}
     bool UseG1GC                                  = true                                      {product} {ergonomic}
     bool UseLargePagesIndividualAllocation        = false                                  {pd product} {ergonomic}

Logging:
Log output configuration:
 #0: stdout all=warning uptime,level,tags
 #1: stderr all=off uptime,level,tags

Environment Variables:
PATH=C:\Program Files (x86)\Common Files\Oracle\Java\javapath;C:\Program Files (x86)\Common Files\Intel\Shared Libraries\redist\intel64_win\compiler;C:\ProgramData\Oracle\Java\javapath;C:\Windows\system32;C:\Windows;C:\Windows\System32\Wbem;C:\Windows\System32\WindowsPowerShell\v1.0\;C:\Windows\System32\OpenSSH\;C:\Program Files\NVIDIA Corporation\NVIDIA NvDLISR;C:\Program Files\Microsoft SQL Server\130\Tools\Binn\;C:\Program Files\dotnet\;C:\Program Files\Microsoft SQL Server\120\Tools\Binn\;C:\Program Files (x86)\NVIDIA Corporation\PhysX\Common;C:\WINDOWS\system32;C:\WINDOWS;C:\WINDOWS\System32\Wbem;C:\WINDOWS\System32\WindowsPowerShell\v1.0\;C:\WINDOWS\System32\OpenSSH\;C:\Program Files\MATLAB\R2017a\runtime\win64;C:\Program Files\MATLAB\R2017a\bin;C:\Program Files\Git\cmd;C:\flutter\bin;C:\Windows\System32;C:\Program Files\MATLAB\R2023a\bin;C:\Users\golev\AppData\Local\Microsoft\WindowsApps;C:\Programs\LateX\Tex\miktex\bin\x64\;C:\Program Files\heroku\bin;C:\Programs\Microsoft VS Code\bin;C:\Users\golev\AppData\Local\Android\sdk\platform-tools;C:\Users\golev\AppData\Local\Pub\Cache\bin;;C:\flutter\bin\mingit\cmd
USERNAME=golev
OS=Windows_NT
PROCESSOR_IDENTIFIER=Intel64 Family 6 Model 142 Stepping 12, GenuineIntel



---------------  S Y S T E M  ---------------

OS: Windows 10 , 64 bit Build 19041 (10.0.19041.3031)
OS uptime: 12 days 8:09 hours

CPU:total 8 (initial active 8) (4 cores per cpu, 2 threads per core) family 6 model 142 stepping 12 microcode 0xbe, cmov, cx8, fxsr, mmx, sse, sse2, sse3, ssse3, sse4.1, sse4.2, popcnt, avx, avx2, aes, clmul, erms, 3dnowpref, lzcnt, ht, tsc, tscinvbit, bmi1, bmi2, adx, fma

Memory: 4k page, system-wide physical 16182M (387M free)
TotalPageFile size 62712M (AvailPageFile size 225M)
current process WorkingSet (physical memory assigned to process): 10M, peak: 10M
current process commit charge ("private bytes"): 60M, peak: 314M

vm_info: OpenJDK 64-Bit Server VM (11.0.11+9-b60-7590822) for windows-amd64 JRE (11.0.11+9-b60-7590822), built on Jul 29 2021 21:43:44 by "builder" with MS VC++ 14.0 (VS2015)

END.
